<?xml version="1.0" encoding="UTF-8"?>
<testng-results ignored="0" total="11" passed="9" failed="0" skipped="2">
  <reporter-output>
  </reporter-output>
  <suite started-at="2023-12-17T02:22:09 PST" name="Default suite" finished-at="2023-12-17T02:34:13 PST" duration-ms="723252">
    <groups>
    </groups>
    <test started-at="2023-12-17T02:22:09 PST" name="Default test" finished-at="2023-12-17T02:34:13 PST" duration-ms="723252">
      <class name="com.duobed.TestLayer.CommonExecutionClass">
        <test-method is-config="true" signature="start()[pri:0, instance:com.duobed.TestLayer.CommonExecutionClass@35cabb2a]" started-at="2023-12-17T02:22:09 PST" name="start" finished-at="2023-12-17T02:22:09 PST" duration-ms="139" status="PASS">
          <reporter-output>
          </reporter-output>
        </test-method> <!-- start -->
        <test-method is-config="true" signature="setUp()[pri:0, instance:com.duobed.TestLayer.CommonExecutionClass@35cabb2a]" started-at="2023-12-17T02:22:10 PST" name="setUp" finished-at="2023-12-17T02:22:16 PST" duration-ms="6657" status="PASS">
          <reporter-output>
          </reporter-output>
        </test-method> <!-- setUp -->
        <test-method signature="firstProductPurchaseFunctionality()[pri:1, instance:com.duobed.TestLayer.CommonExecutionClass@35cabb2a]" started-at="2023-12-17T02:22:16 PST" name="firstProductPurchaseFunctionality" finished-at="2023-12-17T02:23:26 PST" duration-ms="69791" status="PASS">
          <reporter-output>
          </reporter-output>
        </test-method> <!-- firstProductPurchaseFunctionality -->
        <test-method is-config="true" signature="tearDown()[pri:0, instance:com.duobed.TestLayer.CommonExecutionClass@35cabb2a]" started-at="2023-12-17T02:23:26 PST" name="tearDown" finished-at="2023-12-17T02:23:28 PST" duration-ms="2049" status="PASS">
          <reporter-output>
          </reporter-output>
        </test-method> <!-- tearDown -->
        <test-method is-config="true" signature="setUp()[pri:0, instance:com.duobed.TestLayer.CommonExecutionClass@35cabb2a]" started-at="2023-12-17T02:23:28 PST" name="setUp" finished-at="2023-12-17T02:23:34 PST" duration-ms="5718" status="PASS">
          <reporter-output>
          </reporter-output>
        </test-method> <!-- setUp -->
        <test-method signature="secondProductPurchaseFunctionality()[pri:2, instance:com.duobed.TestLayer.CommonExecutionClass@35cabb2a]" started-at="2023-12-17T02:23:34 PST" name="secondProductPurchaseFunctionality" finished-at="2023-12-17T02:24:43 PST" duration-ms="69496" status="PASS">
          <reporter-output>
          </reporter-output>
        </test-method> <!-- secondProductPurchaseFunctionality -->
        <test-method is-config="true" signature="tearDown()[pri:0, instance:com.duobed.TestLayer.CommonExecutionClass@35cabb2a]" started-at="2023-12-17T02:24:43 PST" name="tearDown" finished-at="2023-12-17T02:24:45 PST" duration-ms="1905" status="PASS">
          <reporter-output>
          </reporter-output>
        </test-method> <!-- tearDown -->
        <test-method is-config="true" signature="setUp()[pri:0, instance:com.duobed.TestLayer.CommonExecutionClass@35cabb2a]" started-at="2023-12-17T02:24:45 PST" name="setUp" finished-at="2023-12-17T02:24:51 PST" duration-ms="5481" status="PASS">
          <reporter-output>
          </reporter-output>
        </test-method> <!-- setUp -->
        <test-method signature="ThirdProductPurchaseFunctionality()[pri:3, instance:com.duobed.TestLayer.CommonExecutionClass@35cabb2a]" started-at="2023-12-17T02:24:51 PST" name="ThirdProductPurchaseFunctionality" finished-at="2023-12-17T02:25:59 PST" duration-ms="68451" status="PASS">
          <reporter-output>
          </reporter-output>
        </test-method> <!-- ThirdProductPurchaseFunctionality -->
        <test-method is-config="true" signature="tearDown()[pri:0, instance:com.duobed.TestLayer.CommonExecutionClass@35cabb2a]" started-at="2023-12-17T02:25:59 PST" name="tearDown" finished-at="2023-12-17T02:26:01 PST" duration-ms="1833" status="PASS">
          <reporter-output>
          </reporter-output>
        </test-method> <!-- tearDown -->
        <test-method is-config="true" signature="setUp()[pri:0, instance:com.duobed.TestLayer.CommonExecutionClass@35cabb2a]" started-at="2023-12-17T02:26:01 PST" name="setUp" finished-at="2023-12-17T02:26:07 PST" duration-ms="5771" status="PASS">
          <reporter-output>
          </reporter-output>
        </test-method> <!-- setUp -->
        <test-method signature="FourthProductPurchaseFunctionality()[pri:4, instance:com.duobed.TestLayer.CommonExecutionClass@35cabb2a]" started-at="2023-12-17T02:26:07 PST" name="FourthProductPurchaseFunctionality" finished-at="2023-12-17T02:27:16 PST" duration-ms="69328" status="PASS">
          <reporter-output>
          </reporter-output>
        </test-method> <!-- FourthProductPurchaseFunctionality -->
        <test-method is-config="true" signature="tearDown()[pri:0, instance:com.duobed.TestLayer.CommonExecutionClass@35cabb2a]" started-at="2023-12-17T02:27:16 PST" name="tearDown" finished-at="2023-12-17T02:27:18 PST" duration-ms="1901" status="PASS">
          <reporter-output>
          </reporter-output>
        </test-method> <!-- tearDown -->
        <test-method is-config="true" signature="setUp()[pri:0, instance:com.duobed.TestLayer.CommonExecutionClass@35cabb2a]" started-at="2023-12-17T02:27:18 PST" name="setUp" finished-at="2023-12-17T02:27:23 PST" duration-ms="5349" status="PASS">
          <reporter-output>
          </reporter-output>
        </test-method> <!-- setUp -->
        <test-method signature="fifthProductPurchaseFunctionality()[pri:5, instance:com.duobed.TestLayer.CommonExecutionClass@35cabb2a]" started-at="2023-12-17T02:27:23 PST" name="fifthProductPurchaseFunctionality" finished-at="2023-12-17T02:28:35 PST" duration-ms="71911" status="PASS">
          <reporter-output>
          </reporter-output>
        </test-method> <!-- fifthProductPurchaseFunctionality -->
        <test-method is-config="true" signature="tearDown()[pri:0, instance:com.duobed.TestLayer.CommonExecutionClass@35cabb2a]" started-at="2023-12-17T02:28:35 PST" name="tearDown" finished-at="2023-12-17T02:28:37 PST" duration-ms="1822" status="PASS">
          <reporter-output>
          </reporter-output>
        </test-method> <!-- tearDown -->
        <test-method is-config="true" signature="setUp()[pri:0, instance:com.duobed.TestLayer.CommonExecutionClass@35cabb2a]" started-at="2023-12-17T02:28:37 PST" name="setUp" finished-at="2023-12-17T02:28:43 PST" duration-ms="6127" status="PASS">
          <reporter-output>
          </reporter-output>
        </test-method> <!-- setUp -->
        <test-method signature="sixthProductPurchaseFunctionality()[pri:6, instance:com.duobed.TestLayer.CommonExecutionClass@35cabb2a]" started-at="2023-12-17T02:28:43 PST" name="sixthProductPurchaseFunctionality" finished-at="2023-12-17T02:29:56 PST" duration-ms="72471" status="PASS">
          <reporter-output>
          </reporter-output>
        </test-method> <!-- sixthProductPurchaseFunctionality -->
        <test-method is-config="true" signature="tearDown()[pri:0, instance:com.duobed.TestLayer.CommonExecutionClass@35cabb2a]" started-at="2023-12-17T02:29:56 PST" name="tearDown" finished-at="2023-12-17T02:29:58 PST" duration-ms="1940" status="PASS">
          <reporter-output>
          </reporter-output>
        </test-method> <!-- tearDown -->
        <test-method is-config="true" signature="setUp()[pri:0, instance:com.duobed.TestLayer.CommonExecutionClass@35cabb2a]" started-at="2023-12-17T02:29:58 PST" name="setUp" finished-at="2023-12-17T02:30:03 PST" duration-ms="5572" status="PASS">
          <reporter-output>
          </reporter-output>
        </test-method> <!-- setUp -->
        <test-method signature="seventhProductPurchaseFunctionality()[pri:7, instance:com.duobed.TestLayer.CommonExecutionClass@35cabb2a]" started-at="2023-12-17T02:30:03 PST" name="seventhProductPurchaseFunctionality" finished-at="2023-12-17T02:31:15 PST" duration-ms="71714" status="PASS">
          <reporter-output>
          </reporter-output>
        </test-method> <!-- seventhProductPurchaseFunctionality -->
        <test-method is-config="true" signature="tearDown()[pri:0, instance:com.duobed.TestLayer.CommonExecutionClass@35cabb2a]" started-at="2023-12-17T02:31:15 PST" name="tearDown" finished-at="2023-12-17T02:31:17 PST" duration-ms="1821" status="PASS">
          <reporter-output>
          </reporter-output>
        </test-method> <!-- tearDown -->
        <test-method is-config="true" signature="setUp()[pri:0, instance:com.duobed.TestLayer.CommonExecutionClass@35cabb2a]" started-at="2023-12-17T02:31:17 PST" name="setUp" finished-at="2023-12-17T02:31:23 PST" duration-ms="5834" status="PASS">
          <reporter-output>
          </reporter-output>
        </test-method> <!-- setUp -->
        <test-method signature="eightthProductPurchaseFunctionality()[pri:8, instance:com.duobed.TestLayer.CommonExecutionClass@35cabb2a]" started-at="2023-12-17T02:31:23 PST" name="eightthProductPurchaseFunctionality" finished-at="2023-12-17T02:32:33 PST" duration-ms="70888" status="PASS">
          <reporter-output>
          </reporter-output>
        </test-method> <!-- eightthProductPurchaseFunctionality -->
        <test-method is-config="true" signature="tearDown()[pri:0, instance:com.duobed.TestLayer.CommonExecutionClass@35cabb2a]" started-at="2023-12-17T02:32:33 PST" name="tearDown" finished-at="2023-12-17T02:32:35 PST" duration-ms="1920" status="PASS">
          <reporter-output>
          </reporter-output>
        </test-method> <!-- tearDown -->
        <test-method is-config="true" signature="setUp()[pri:0, instance:com.duobed.TestLayer.CommonExecutionClass@35cabb2a]" started-at="2023-12-17T02:32:35 PST" name="setUp" finished-at="2023-12-17T02:32:41 PST" duration-ms="5695" status="PASS">
          <reporter-output>
          </reporter-output>
        </test-method> <!-- setUp -->
        <test-method signature="ninethProductPurchaseFunctionality()[pri:9, instance:com.duobed.TestLayer.CommonExecutionClass@35cabb2a]" started-at="2023-12-17T02:32:41 PST" name="ninethProductPurchaseFunctionality" finished-at="2023-12-17T02:34:03 PST" duration-ms="81743" status="PASS">
          <reporter-output>
          </reporter-output>
        </test-method> <!-- ninethProductPurchaseFunctionality -->
        <test-method is-config="true" signature="tearDown()[pri:0, instance:com.duobed.TestLayer.CommonExecutionClass@35cabb2a]" started-at="2023-12-17T02:34:03 PST" name="tearDown" finished-at="2023-12-17T02:34:05 PST" duration-ms="1828" status="PASS">
          <reporter-output>
          </reporter-output>
        </test-method> <!-- tearDown -->
        <test-method is-config="true" signature="setUp()[pri:0, instance:com.duobed.TestLayer.CommonExecutionClass@35cabb2a]" started-at="2023-12-17T02:34:05 PST" name="setUp" finished-at="2023-12-17T02:34:13 PST" duration-ms="7946" status="FAIL">
          <exception class="org.openqa.selenium.NoSuchWindowException">
            <message>
              <![CDATA[Browsing context has been discarded
Build info: version: '4.12.1', revision: '8e34639b11'
System info: os.name: 'Windows 11', os.arch: 'amd64', os.version: '10.0', java.version: '17.0.3.1'
Driver info: org.openqa.selenium.firefox.FirefoxDriver
Command: [2111e3b0-88c0-4892-84e7-0d885440f60b, maximizeCurrentWindow {}]
Capabilities {acceptInsecureCerts: true, browserName: firefox, browserVersion: 120.0.1, moz:accessibilityChecks: false, moz:buildID: 20231129155202, moz:debuggerAddress: 127.0.0.1:8623, moz:geckodriverVersion: 0.33.0, moz:headless: false, moz:platformVersion: 10.0, moz:processID: 12544, moz:profile: C:\Users\SANTOS~1\AppData\L..., moz:shutdownTimeout: 60000, moz:webdriverClick: true, moz:windowless: false, pageLoadStrategy: normal, platformName: windows, proxy: Proxy(), se:cdp: ws://127.0.0.1:8623/devtool..., se:cdpVersion: 85.0, setWindowRect: true, strictFileInteractability: false, timeouts: {implicit: 0, pageLoad: 300000, script: 30000}, unhandledPromptBehavior: dismiss and notify}
Session ID: 2111e3b0-88c0-4892-84e7-0d885440f60b]]>
            </message>
            <full-stacktrace>
              <![CDATA[org.openqa.selenium.NoSuchWindowException: Browsing context has been discarded
Build info: version: '4.12.1', revision: '8e34639b11'
System info: os.name: 'Windows 11', os.arch: 'amd64', os.version: '10.0', java.version: '17.0.3.1'
Driver info: org.openqa.selenium.firefox.FirefoxDriver
Command: [2111e3b0-88c0-4892-84e7-0d885440f60b, maximizeCurrentWindow {}]
Capabilities {acceptInsecureCerts: true, browserName: firefox, browserVersion: 120.0.1, moz:accessibilityChecks: false, moz:buildID: 20231129155202, moz:debuggerAddress: 127.0.0.1:8623, moz:geckodriverVersion: 0.33.0, moz:headless: false, moz:platformVersion: 10.0, moz:processID: 12544, moz:profile: C:\Users\SANTOS~1\AppData\L..., moz:shutdownTimeout: 60000, moz:webdriverClick: true, moz:windowless: false, pageLoadStrategy: normal, platformName: windows, proxy: Proxy(), se:cdp: ws://127.0.0.1:8623/devtool..., se:cdpVersion: 85.0, setWindowRect: true, strictFileInteractability: false, timeouts: {implicit: 0, pageLoad: 300000, script: 30000}, unhandledPromptBehavior: dismiss and notify}
Session ID: 2111e3b0-88c0-4892-84e7-0d885440f60b
at java.base/jdk.internal.reflect.NativeConstructorAccessorImpl.newInstance0(Native Method)
at java.base/jdk.internal.reflect.NativeConstructorAccessorImpl.newInstance(NativeConstructorAccessorImpl.java:77)
at java.base/jdk.internal.reflect.DelegatingConstructorAccessorImpl.newInstance(DelegatingConstructorAccessorImpl.java:45)
at java.base/java.lang.reflect.Constructor.newInstanceWithCaller(Constructor.java:499)
at java.base/java.lang.reflect.Constructor.newInstance(Constructor.java:480)
at org.openqa.selenium.remote.codec.w3c.W3CHttpResponseCodec.createException(W3CHttpResponseCodec.java:200)
at org.openqa.selenium.remote.codec.w3c.W3CHttpResponseCodec.decode(W3CHttpResponseCodec.java:133)
at org.openqa.selenium.remote.codec.w3c.W3CHttpResponseCodec.decode(W3CHttpResponseCodec.java:52)
at org.openqa.selenium.remote.HttpCommandExecutor.execute(HttpCommandExecutor.java:191)
at org.openqa.selenium.remote.service.DriverCommandExecutor.invokeExecute(DriverCommandExecutor.java:196)
at org.openqa.selenium.remote.service.DriverCommandExecutor.execute(DriverCommandExecutor.java:171)
at org.openqa.selenium.remote.RemoteWebDriver.execute(RemoteWebDriver.java:602)
at org.openqa.selenium.remote.RemoteWebDriver.execute(RemoteWebDriver.java:675)
at org.openqa.selenium.remote.RemoteWebDriver.execute(RemoteWebDriver.java:679)
at org.openqa.selenium.remote.RemoteWebDriver$RemoteWebDriverOptions$RemoteWindow.maximize(RemoteWebDriver.java:1062)
at com.duobed.TestBase.TestBase.setUp(TestBase.java:77)
at java.base/jdk.internal.reflect.NativeMethodAccessorImpl.invoke0(Native Method)
at java.base/jdk.internal.reflect.NativeMethodAccessorImpl.invoke(NativeMethodAccessorImpl.java:77)
at java.base/jdk.internal.reflect.DelegatingMethodAccessorImpl.invoke(DelegatingMethodAccessorImpl.java:43)
at java.base/java.lang.reflect.Method.invoke(Method.java:568)
at org.testng.internal.MethodInvocationHelper.invokeMethod(MethodInvocationHelper.java:133)
at org.testng.internal.MethodInvocationHelper.invokeMethodConsideringTimeout(MethodInvocationHelper.java:62)
at org.testng.internal.ConfigInvoker.invokeConfigurationMethod(ConfigInvoker.java:385)
at org.testng.internal.ConfigInvoker.invokeConfigurations(ConfigInvoker.java:321)
at org.testng.internal.TestInvoker.runConfigMethods(TestInvoker.java:700)
at org.testng.internal.TestInvoker.invokeMethod(TestInvoker.java:527)
at org.testng.internal.TestInvoker.invokeTestMethod(TestInvoker.java:173)
at org.testng.internal.MethodRunner.runInSequence(MethodRunner.java:46)
at org.testng.internal.TestInvoker$MethodInvocationAgent.invoke(TestInvoker.java:824)
at org.testng.internal.TestInvoker.invokeTestMethods(TestInvoker.java:146)
at org.testng.internal.TestMethodWorker.invokeTestMethods(TestMethodWorker.java:146)
at org.testng.internal.TestMethodWorker.run(TestMethodWorker.java:128)
at java.base/java.util.ArrayList.forEach(ArrayList.java:1511)
at org.testng.TestRunner.privateRun(TestRunner.java:794)
at org.testng.TestRunner.run(TestRunner.java:596)
at org.testng.SuiteRunner.runTest(SuiteRunner.java:377)
at org.testng.SuiteRunner.runSequentially(SuiteRunner.java:371)
at org.testng.SuiteRunner.privateRun(SuiteRunner.java:332)
at org.testng.SuiteRunner.run(SuiteRunner.java:276)
at org.testng.SuiteRunnerWorker.runSuite(SuiteRunnerWorker.java:53)
at org.testng.SuiteRunnerWorker.run(SuiteRunnerWorker.java:96)
at org.testng.TestNG.runSuitesSequentially(TestNG.java:1212)
at org.testng.TestNG.runSuitesLocally(TestNG.java:1134)
at org.testng.TestNG.runSuites(TestNG.java:1063)
at org.testng.TestNG.run(TestNG.java:1031)
at org.testng.remote.AbstractRemoteTestNG.run(AbstractRemoteTestNG.java:115)
at org.testng.remote.RemoteTestNG.initAndRun(RemoteTestNG.java:251)
at org.testng.remote.RemoteTestNG.main(RemoteTestNG.java:77)
]]>
            </full-stacktrace>
          </exception> <!-- org.openqa.selenium.NoSuchWindowException -->
          <reporter-output>
          </reporter-output>
        </test-method> <!-- setUp -->
        <test-method signature="tenthProductPurchaseFunctionality()[pri:10, instance:com.duobed.TestLayer.CommonExecutionClass@35cabb2a]" started-at="2023-12-17T02:34:13 PST" name="tenthProductPurchaseFunctionality" finished-at="2023-12-17T02:34:13 PST" duration-ms="0" status="SKIP">
          <exception class="org.openqa.selenium.NoSuchWindowException">
            <message>
              <![CDATA[Browsing context has been discarded
Build info: version: '4.12.1', revision: '8e34639b11'
System info: os.name: 'Windows 11', os.arch: 'amd64', os.version: '10.0', java.version: '17.0.3.1'
Driver info: org.openqa.selenium.firefox.FirefoxDriver
Command: [2111e3b0-88c0-4892-84e7-0d885440f60b, maximizeCurrentWindow {}]
Capabilities {acceptInsecureCerts: true, browserName: firefox, browserVersion: 120.0.1, moz:accessibilityChecks: false, moz:buildID: 20231129155202, moz:debuggerAddress: 127.0.0.1:8623, moz:geckodriverVersion: 0.33.0, moz:headless: false, moz:platformVersion: 10.0, moz:processID: 12544, moz:profile: C:\Users\SANTOS~1\AppData\L..., moz:shutdownTimeout: 60000, moz:webdriverClick: true, moz:windowless: false, pageLoadStrategy: normal, platformName: windows, proxy: Proxy(), se:cdp: ws://127.0.0.1:8623/devtool..., se:cdpVersion: 85.0, setWindowRect: true, strictFileInteractability: false, timeouts: {implicit: 0, pageLoad: 300000, script: 30000}, unhandledPromptBehavior: dismiss and notify}
Session ID: 2111e3b0-88c0-4892-84e7-0d885440f60b]]>
            </message>
            <full-stacktrace>
              <![CDATA[org.openqa.selenium.NoSuchWindowException: Browsing context has been discarded
Build info: version: '4.12.1', revision: '8e34639b11'
System info: os.name: 'Windows 11', os.arch: 'amd64', os.version: '10.0', java.version: '17.0.3.1'
Driver info: org.openqa.selenium.firefox.FirefoxDriver
Command: [2111e3b0-88c0-4892-84e7-0d885440f60b, maximizeCurrentWindow {}]
Capabilities {acceptInsecureCerts: true, browserName: firefox, browserVersion: 120.0.1, moz:accessibilityChecks: false, moz:buildID: 20231129155202, moz:debuggerAddress: 127.0.0.1:8623, moz:geckodriverVersion: 0.33.0, moz:headless: false, moz:platformVersion: 10.0, moz:processID: 12544, moz:profile: C:\Users\SANTOS~1\AppData\L..., moz:shutdownTimeout: 60000, moz:webdriverClick: true, moz:windowless: false, pageLoadStrategy: normal, platformName: windows, proxy: Proxy(), se:cdp: ws://127.0.0.1:8623/devtool..., se:cdpVersion: 85.0, setWindowRect: true, strictFileInteractability: false, timeouts: {implicit: 0, pageLoad: 300000, script: 30000}, unhandledPromptBehavior: dismiss and notify}
Session ID: 2111e3b0-88c0-4892-84e7-0d885440f60b
at java.base/jdk.internal.reflect.NativeConstructorAccessorImpl.newInstance0(Native Method)
at java.base/jdk.internal.reflect.NativeConstructorAccessorImpl.newInstance(NativeConstructorAccessorImpl.java:77)
at java.base/jdk.internal.reflect.DelegatingConstructorAccessorImpl.newInstance(DelegatingConstructorAccessorImpl.java:45)
at java.base/java.lang.reflect.Constructor.newInstanceWithCaller(Constructor.java:499)
at java.base/java.lang.reflect.Constructor.newInstance(Constructor.java:480)
at org.openqa.selenium.remote.codec.w3c.W3CHttpResponseCodec.createException(W3CHttpResponseCodec.java:200)
at org.openqa.selenium.remote.codec.w3c.W3CHttpResponseCodec.decode(W3CHttpResponseCodec.java:133)
at org.openqa.selenium.remote.codec.w3c.W3CHttpResponseCodec.decode(W3CHttpResponseCodec.java:52)
at org.openqa.selenium.remote.HttpCommandExecutor.execute(HttpCommandExecutor.java:191)
at org.openqa.selenium.remote.service.DriverCommandExecutor.invokeExecute(DriverCommandExecutor.java:196)
at org.openqa.selenium.remote.service.DriverCommandExecutor.execute(DriverCommandExecutor.java:171)
at org.openqa.selenium.remote.RemoteWebDriver.execute(RemoteWebDriver.java:602)
at org.openqa.selenium.remote.RemoteWebDriver.execute(RemoteWebDriver.java:675)
at org.openqa.selenium.remote.RemoteWebDriver.execute(RemoteWebDriver.java:679)
at org.openqa.selenium.remote.RemoteWebDriver$RemoteWebDriverOptions$RemoteWindow.maximize(RemoteWebDriver.java:1062)
at com.duobed.TestBase.TestBase.setUp(TestBase.java:77)
at java.base/jdk.internal.reflect.NativeMethodAccessorImpl.invoke0(Native Method)
at java.base/jdk.internal.reflect.NativeMethodAccessorImpl.invoke(NativeMethodAccessorImpl.java:77)
at java.base/jdk.internal.reflect.DelegatingMethodAccessorImpl.invoke(DelegatingMethodAccessorImpl.java:43)
at java.base/java.lang.reflect.Method.invoke(Method.java:568)
at org.testng.internal.MethodInvocationHelper.invokeMethod(MethodInvocationHelper.java:133)
at org.testng.internal.MethodInvocationHelper.invokeMethodConsideringTimeout(MethodInvocationHelper.java:62)
at org.testng.internal.ConfigInvoker.invokeConfigurationMethod(ConfigInvoker.java:385)
at org.testng.internal.ConfigInvoker.invokeConfigurations(ConfigInvoker.java:321)
at org.testng.internal.TestInvoker.runConfigMethods(TestInvoker.java:700)
at org.testng.internal.TestInvoker.invokeMethod(TestInvoker.java:527)
at org.testng.internal.TestInvoker.invokeTestMethod(TestInvoker.java:173)
at org.testng.internal.MethodRunner.runInSequence(MethodRunner.java:46)
at org.testng.internal.TestInvoker$MethodInvocationAgent.invoke(TestInvoker.java:824)
at org.testng.internal.TestInvoker.invokeTestMethods(TestInvoker.java:146)
at org.testng.internal.TestMethodWorker.invokeTestMethods(TestMethodWorker.java:146)
at org.testng.internal.TestMethodWorker.run(TestMethodWorker.java:128)
at java.base/java.util.ArrayList.forEach(ArrayList.java:1511)
at org.testng.TestRunner.privateRun(TestRunner.java:794)
at org.testng.TestRunner.run(TestRunner.java:596)
at org.testng.SuiteRunner.runTest(SuiteRunner.java:377)
at org.testng.SuiteRunner.runSequentially(SuiteRunner.java:371)
at org.testng.SuiteRunner.privateRun(SuiteRunner.java:332)
at org.testng.SuiteRunner.run(SuiteRunner.java:276)
at org.testng.SuiteRunnerWorker.runSuite(SuiteRunnerWorker.java:53)
at org.testng.SuiteRunnerWorker.run(SuiteRunnerWorker.java:96)
at org.testng.TestNG.runSuitesSequentially(TestNG.java:1212)
at org.testng.TestNG.runSuitesLocally(TestNG.java:1134)
at org.testng.TestNG.runSuites(TestNG.java:1063)
at org.testng.TestNG.run(TestNG.java:1031)
at org.testng.remote.AbstractRemoteTestNG.run(AbstractRemoteTestNG.java:115)
at org.testng.remote.RemoteTestNG.initAndRun(RemoteTestNG.java:251)
at org.testng.remote.RemoteTestNG.main(RemoteTestNG.java:77)
]]>
            </full-stacktrace>
          </exception> <!-- org.openqa.selenium.NoSuchWindowException -->
          <reporter-output>
          </reporter-output>
        </test-method> <!-- tenthProductPurchaseFunctionality -->
        <test-method is-config="true" signature="setUp()[pri:0, instance:com.duobed.TestLayer.CommonExecutionClass@35cabb2a]" started-at="2023-12-17T02:34:13 PST" name="setUp" finished-at="1969-12-31T16:00:00 PST" duration-ms="-1702809253077" status="SKIP">
          <reporter-output>
          </reporter-output>
        </test-method> <!-- setUp -->
        <test-method is-config="true" signature="tearDown()[pri:0, instance:com.duobed.TestLayer.CommonExecutionClass@35cabb2a]" started-at="2023-12-17T02:34:13 PST" name="tearDown" finished-at="1969-12-31T16:00:00 PST" duration-ms="-1702809253077" status="SKIP">
          <reporter-output>
          </reporter-output>
        </test-method> <!-- tearDown -->
        <test-method signature="eleventhProductPurchaseFunctionality()[pri:11, instance:com.duobed.TestLayer.CommonExecutionClass@35cabb2a]" started-at="2023-12-17T02:34:13 PST" name="eleventhProductPurchaseFunctionality" finished-at="2023-12-17T02:34:13 PST" duration-ms="0" status="SKIP">
          <exception class="org.openqa.selenium.NoSuchWindowException">
            <message>
              <![CDATA[Browsing context has been discarded
Build info: version: '4.12.1', revision: '8e34639b11'
System info: os.name: 'Windows 11', os.arch: 'amd64', os.version: '10.0', java.version: '17.0.3.1'
Driver info: org.openqa.selenium.firefox.FirefoxDriver
Command: [2111e3b0-88c0-4892-84e7-0d885440f60b, maximizeCurrentWindow {}]
Capabilities {acceptInsecureCerts: true, browserName: firefox, browserVersion: 120.0.1, moz:accessibilityChecks: false, moz:buildID: 20231129155202, moz:debuggerAddress: 127.0.0.1:8623, moz:geckodriverVersion: 0.33.0, moz:headless: false, moz:platformVersion: 10.0, moz:processID: 12544, moz:profile: C:\Users\SANTOS~1\AppData\L..., moz:shutdownTimeout: 60000, moz:webdriverClick: true, moz:windowless: false, pageLoadStrategy: normal, platformName: windows, proxy: Proxy(), se:cdp: ws://127.0.0.1:8623/devtool..., se:cdpVersion: 85.0, setWindowRect: true, strictFileInteractability: false, timeouts: {implicit: 0, pageLoad: 300000, script: 30000}, unhandledPromptBehavior: dismiss and notify}
Session ID: 2111e3b0-88c0-4892-84e7-0d885440f60b]]>
            </message>
            <full-stacktrace>
              <![CDATA[org.openqa.selenium.NoSuchWindowException: Browsing context has been discarded
Build info: version: '4.12.1', revision: '8e34639b11'
System info: os.name: 'Windows 11', os.arch: 'amd64', os.version: '10.0', java.version: '17.0.3.1'
Driver info: org.openqa.selenium.firefox.FirefoxDriver
Command: [2111e3b0-88c0-4892-84e7-0d885440f60b, maximizeCurrentWindow {}]
Capabilities {acceptInsecureCerts: true, browserName: firefox, browserVersion: 120.0.1, moz:accessibilityChecks: false, moz:buildID: 20231129155202, moz:debuggerAddress: 127.0.0.1:8623, moz:geckodriverVersion: 0.33.0, moz:headless: false, moz:platformVersion: 10.0, moz:processID: 12544, moz:profile: C:\Users\SANTOS~1\AppData\L..., moz:shutdownTimeout: 60000, moz:webdriverClick: true, moz:windowless: false, pageLoadStrategy: normal, platformName: windows, proxy: Proxy(), se:cdp: ws://127.0.0.1:8623/devtool..., se:cdpVersion: 85.0, setWindowRect: true, strictFileInteractability: false, timeouts: {implicit: 0, pageLoad: 300000, script: 30000}, unhandledPromptBehavior: dismiss and notify}
Session ID: 2111e3b0-88c0-4892-84e7-0d885440f60b
at java.base/jdk.internal.reflect.NativeConstructorAccessorImpl.newInstance0(Native Method)
at java.base/jdk.internal.reflect.NativeConstructorAccessorImpl.newInstance(NativeConstructorAccessorImpl.java:77)
at java.base/jdk.internal.reflect.DelegatingConstructorAccessorImpl.newInstance(DelegatingConstructorAccessorImpl.java:45)
at java.base/java.lang.reflect.Constructor.newInstanceWithCaller(Constructor.java:499)
at java.base/java.lang.reflect.Constructor.newInstance(Constructor.java:480)
at org.openqa.selenium.remote.codec.w3c.W3CHttpResponseCodec.createException(W3CHttpResponseCodec.java:200)
at org.openqa.selenium.remote.codec.w3c.W3CHttpResponseCodec.decode(W3CHttpResponseCodec.java:133)
at org.openqa.selenium.remote.codec.w3c.W3CHttpResponseCodec.decode(W3CHttpResponseCodec.java:52)
at org.openqa.selenium.remote.HttpCommandExecutor.execute(HttpCommandExecutor.java:191)
at org.openqa.selenium.remote.service.DriverCommandExecutor.invokeExecute(DriverCommandExecutor.java:196)
at org.openqa.selenium.remote.service.DriverCommandExecutor.execute(DriverCommandExecutor.java:171)
at org.openqa.selenium.remote.RemoteWebDriver.execute(RemoteWebDriver.java:602)
at org.openqa.selenium.remote.RemoteWebDriver.execute(RemoteWebDriver.java:675)
at org.openqa.selenium.remote.RemoteWebDriver.execute(RemoteWebDriver.java:679)
at org.openqa.selenium.remote.RemoteWebDriver$RemoteWebDriverOptions$RemoteWindow.maximize(RemoteWebDriver.java:1062)
at com.duobed.TestBase.TestBase.setUp(TestBase.java:77)
at java.base/jdk.internal.reflect.NativeMethodAccessorImpl.invoke0(Native Method)
at java.base/jdk.internal.reflect.NativeMethodAccessorImpl.invoke(NativeMethodAccessorImpl.java:77)
at java.base/jdk.internal.reflect.DelegatingMethodAccessorImpl.invoke(DelegatingMethodAccessorImpl.java:43)
at java.base/java.lang.reflect.Method.invoke(Method.java:568)
at org.testng.internal.MethodInvocationHelper.invokeMethod(MethodInvocationHelper.java:133)
at org.testng.internal.MethodInvocationHelper.invokeMethodConsideringTimeout(MethodInvocationHelper.java:62)
at org.testng.internal.ConfigInvoker.invokeConfigurationMethod(ConfigInvoker.java:385)
at org.testng.internal.ConfigInvoker.invokeConfigurations(ConfigInvoker.java:321)
at org.testng.internal.TestInvoker.runConfigMethods(TestInvoker.java:700)
at org.testng.internal.TestInvoker.invokeMethod(TestInvoker.java:527)
at org.testng.internal.TestInvoker.invokeTestMethod(TestInvoker.java:173)
at org.testng.internal.MethodRunner.runInSequence(MethodRunner.java:46)
at org.testng.internal.TestInvoker$MethodInvocationAgent.invoke(TestInvoker.java:824)
at org.testng.internal.TestInvoker.invokeTestMethods(TestInvoker.java:146)
at org.testng.internal.TestMethodWorker.invokeTestMethods(TestMethodWorker.java:146)
at org.testng.internal.TestMethodWorker.run(TestMethodWorker.java:128)
at java.base/java.util.ArrayList.forEach(ArrayList.java:1511)
at org.testng.TestRunner.privateRun(TestRunner.java:794)
at org.testng.TestRunner.run(TestRunner.java:596)
at org.testng.SuiteRunner.runTest(SuiteRunner.java:377)
at org.testng.SuiteRunner.runSequentially(SuiteRunner.java:371)
at org.testng.SuiteRunner.privateRun(SuiteRunner.java:332)
at org.testng.SuiteRunner.run(SuiteRunner.java:276)
at org.testng.SuiteRunnerWorker.runSuite(SuiteRunnerWorker.java:53)
at org.testng.SuiteRunnerWorker.run(SuiteRunnerWorker.java:96)
at org.testng.TestNG.runSuitesSequentially(TestNG.java:1212)
at org.testng.TestNG.runSuitesLocally(TestNG.java:1134)
at org.testng.TestNG.runSuites(TestNG.java:1063)
at org.testng.TestNG.run(TestNG.java:1031)
at org.testng.remote.AbstractRemoteTestNG.run(AbstractRemoteTestNG.java:115)
at org.testng.remote.RemoteTestNG.initAndRun(RemoteTestNG.java:251)
at org.testng.remote.RemoteTestNG.main(RemoteTestNG.java:77)
]]>
            </full-stacktrace>
          </exception> <!-- org.openqa.selenium.NoSuchWindowException -->
          <reporter-output>
          </reporter-output>
        </test-method> <!-- eleventhProductPurchaseFunctionality -->
        <test-method is-config="true" signature="end()[pri:0, instance:com.duobed.TestLayer.CommonExecutionClass@35cabb2a]" started-at="2023-12-17T02:34:13 PST" name="end" finished-at="1969-12-31T16:00:00 PST" duration-ms="-1702809253086" status="SKIP">
          <reporter-output>
          </reporter-output>
        </test-method> <!-- end -->
        <test-method is-config="true" signature="tearDown()[pri:0, instance:com.duobed.TestLayer.CommonExecutionClass@35cabb2a]" started-at="2023-12-17T02:34:13 PST" name="tearDown" finished-at="1969-12-31T16:00:00 PST" duration-ms="-1702809253086" status="SKIP">
          <reporter-output>
          </reporter-output>
        </test-method> <!-- tearDown -->
      </class> <!-- com.duobed.TestLayer.CommonExecutionClass -->
    </test> <!-- Default test -->
  </suite> <!-- Default suite -->
</testng-results>
